<?xml version="1.0" encoding="UTF-8"?>
<testsuites name="jest tests" tests="53" failures="0" errors="0" time="9.298">
  <testsuite name="HeaderComponent" errors="0" failures="0" skipped="0" timestamp="2026-05-25T19:48:03" time="3.749" tests="8">
    <testcase classname="HeaderComponent should create" name="HeaderComponent should create" time="0.49">
    </testcase>
    <testcase classname="HeaderComponent should have title property" name="HeaderComponent should have title property" time="0.019">
    </testcase>
    <testcase classname="HeaderComponent should have subtitle property" name="HeaderComponent should have subtitle property" time="0.02">
    </testcase>
    <testcase classname="HeaderComponent should display title in template" name="HeaderComponent should display title in template" time="0.038">
    </testcase>
    <testcase classname="HeaderComponent should display subtitle in template" name="HeaderComponent should display subtitle in template" time="0.027">
    </testcase>
    <testcase classname="HeaderComponent should initialize with title" name="HeaderComponent should initialize with title" time="0.015">
    </testcase>
    <testcase classname="HeaderComponent should be destroyed after fixture destroy" name="HeaderComponent should be destroyed after fixture destroy" time="0.02">
    </testcase>
    <testcase classname="HeaderComponent should have header element with correct class" name="HeaderComponent should have header element with correct class" time="0.03">
    </testcase>
  </testsuite>
  <testsuite name="FooterComponent" errors="0" failures="0" skipped="0" timestamp="2026-05-25T19:48:03" time="3.841" tests="13">
    <testcase classname="FooterComponent should create" name="FooterComponent should create" time="0.494">
    </testcase>
    <testcase classname="FooterComponent should have current year" name="FooterComponent should have current year" time="0.026">
    </testcase>
    <testcase classname="FooterComponent should have company name" name="FooterComponent should have company name" time="0.019">
    </testcase>
    <testcase classname="FooterComponent should initialize footer links on ngOnInit" name="FooterComponent should initialize footer links on ngOnInit" time="0.046">
    </testcase>
    <testcase classname="FooterComponent should have correct footer link labels" name="FooterComponent should have correct footer link labels" time="0.036">
    </testcase>
    <testcase classname="FooterComponent should display footer links in template" name="FooterComponent should display footer links in template" time="0.029">
    </testcase>
    <testcase classname="FooterComponent should display company name in footer" name="FooterComponent should display company name in footer" time="0.022">
    </testcase>
    <testcase classname="FooterComponent should display current year in footer" name="FooterComponent should display current year in footer" time="0.023">
    </testcase>
    <testcase classname="FooterComponent should log on ngOnInit" name="FooterComponent should log on ngOnInit" time="0.023">
    </testcase>
    <testcase classname="FooterComponent should log footer links count" name="FooterComponent should log footer links count" time="0.02">
    </testcase>
    <testcase classname="FooterComponent should log on ngOnDestroy" name="FooterComponent should log on ngOnDestroy" time="0.021">
    </testcase>
    <testcase classname="FooterComponent should display footer element" name="FooterComponent should display footer element" time="0.019">
    </testcase>
    <testcase classname="FooterComponent should have social links" name="FooterComponent should have social links" time="0.014">
    </testcase>
  </testsuite>
  <testsuite name="BreadcrumbsComponent" errors="0" failures="0" skipped="0" timestamp="2026-05-25T19:48:03" time="3.868" tests="8">
    <testcase classname="BreadcrumbsComponent should create" name="BreadcrumbsComponent should create" time="0.52">
    </testcase>
    <testcase classname="BreadcrumbsComponent should initialize breadcrumbs on ngOnInit" name="BreadcrumbsComponent should initialize breadcrumbs on ngOnInit" time="0.055">
    </testcase>
    <testcase classname="BreadcrumbsComponent should have correct breadcrumb labels" name="BreadcrumbsComponent should have correct breadcrumb labels" time="0.032">
    </testcase>
    <testcase classname="BreadcrumbsComponent should display breadcrumbs in template" name="BreadcrumbsComponent should display breadcrumbs in template" time="0.028">
    </testcase>
    <testcase classname="BreadcrumbsComponent should have correct breadcrumb URLs" name="BreadcrumbsComponent should have correct breadcrumb URLs" time="0.022">
    </testcase>
    <testcase classname="BreadcrumbsComponent should log on ngOnInit" name="BreadcrumbsComponent should log on ngOnInit" time="0.022">
    </testcase>
    <testcase classname="BreadcrumbsComponent should log on ngOnDestroy" name="BreadcrumbsComponent should log on ngOnDestroy" time="0.019">
    </testcase>
    <testcase classname="BreadcrumbsComponent should display breadcrumbs nav with aria-label" name="BreadcrumbsComponent should display breadcrumbs nav with aria-label" time="0.019">
    </testcase>
  </testsuite>
  <testsuite name="CourseItemComponent" errors="0" failures="0" skipped="0" timestamp="2026-05-25T19:48:03" time="3.917" tests="14">
    <testcase classname="CourseItemComponent should create" name="CourseItemComponent should create" time="0.538">
    </testcase>
    <testcase classname="CourseItemComponent should display course title" name="CourseItemComponent should display course title" time="0.048">
    </testcase>
    <testcase classname="CourseItemComponent should display course instructor" name="CourseItemComponent should display course instructor" time="0.021">
    </testcase>
    <testcase classname="CourseItemComponent should display course rating" name="CourseItemComponent should display course rating" time="0.024">
    </testcase>
    <testcase classname="CourseItemComponent should display course price" name="CourseItemComponent should display course price" time="0.022">
    </testcase>
    <testcase classname="CourseItemComponent should display course level badge" name="CourseItemComponent should display course level badge" time="0.025">
    </testcase>
    <testcase classname="CourseItemComponent should emit deleteCourse event on delete" name="CourseItemComponent should emit deleteCourse event on delete" time="0.026">
    </testcase>
    <testcase classname="CourseItemComponent should emit viewCourse event on view" name="CourseItemComponent should emit viewCourse event on view" time="0.024">
    </testcase>
    <testcase classname="CourseItemComponent should emit editCourse event on edit" name="CourseItemComponent should emit editCourse event on edit" time="0.015">
    </testcase>
    <testcase classname="CourseItemComponent should display action buttons" name="CourseItemComponent should display action buttons" time="0.017">
    </testcase>
    <testcase classname="CourseItemComponent should log on ngOnInit" name="CourseItemComponent should log on ngOnInit" time="0.019">
    </testcase>
    <testcase classname="CourseItemComponent should log on ngOnDestroy" name="CourseItemComponent should log on ngOnDestroy" time="0.014">
    </testcase>
    <testcase classname="CourseItemComponent should display course description" name="CourseItemComponent should display course description" time="0.014">
    </testcase>
    <testcase classname="CourseItemComponent should display student count" name="CourseItemComponent should display student count" time="0.013">
    </testcase>
  </testsuite>
  <testsuite name="SearchControlComponent" errors="0" failures="0" skipped="0" timestamp="2026-05-25T19:48:03" time="4.055" tests="10">
    <testcase classname="SearchControlComponent should create" name="SearchControlComponent should create" time="0.536">
    </testcase>
    <testcase classname="SearchControlComponent should initialize with empty search text" name="SearchControlComponent should initialize with empty search text" time="0.025">
    </testcase>
    <testcase classname="SearchControlComponent should emit searchQuery on input change" name="SearchControlComponent should emit searchQuery on input change" time="0.02">
    </testcase>
    <testcase classname="SearchControlComponent should clear search text on clearSearch" name="SearchControlComponent should clear search text on clearSearch" time="0.016">
    </testcase>
    <testcase classname="SearchControlComponent should emit empty string on clear" name="SearchControlComponent should emit empty string on clear" time="0.017">
    </testcase>
    <testcase classname="SearchControlComponent should display search input" name="SearchControlComponent should display search input" time="0.015">
    </testcase>
    <testcase classname="SearchControlComponent should have placeholder text" name="SearchControlComponent should have placeholder text" time="0.016">
    </testcase>
    <testcase classname="SearchControlComponent should log on ngOnInit" name="SearchControlComponent should log on ngOnInit" time="0.012">
    </testcase>
    <testcase classname="SearchControlComponent should log on ngOnDestroy" name="SearchControlComponent should log on ngOnDestroy" time="0.011">
    </testcase>
    <testcase classname="SearchControlComponent should show clear button when search text is not empty" name="SearchControlComponent should show clear button when search text is not empty" time="0.016">
    </testcase>
  </testsuite>
</testsuites>