<?xml version="1.0" encoding="UTF-8"?>
<testsuites name="jest tests" tests="3" failures="0" errors="0" time="2.014">
  <testsuite name="AppComponent" errors="0" failures="0" skipped="0" timestamp="2025-02-07T11:15:21" time="1.588" tests="3">
    <testcase classname="AppComponent should create the app" name="AppComponent should create the app" time="0.053">
    </testcase>
    <testcase classname="AppComponent should have title &apos;agmp-tests&apos;" name="AppComponent should have title &apos;agmp-tests&apos;" time="0.006">
    </testcase>
    <testcase classname="AppComponent should render title" name="AppComponent should render title" time="0.006">
    </testcase>
  </testsuite>
</testsuites>